[   00000Initialzi crop bss put[   0.000]nialzinggrp subs u
[    0.00000]niialinggrousuyscpuact    0000]Linuvesin 4.0-3-ener (ilddgw-2) (g vsion.40 010609(Untu 4.6ubuu16.4.) #6-Uun S Wed Oc 11348:0UT2016(Unt44.4-463-gnec .4.)    0.000000] Commanli: BOOT_IMAGE=/boot/vmlinuz-4.4.0-43-generic root=LABEL=cloudimg-rootfs ro console=tty1 console=ttyS0
[    0.000000] KERNEL supported cpus:
[   .0000]   Intel Genuinete
[    00000  MDutentiMD
[  0.0000  Cetar ntrHuls  00.000 x86puxstate_offset[2]:  576, xstae_ze[2]: 2
    0.00] 86/fp: pprtinXSE feature 0x01: 'x87 floating point registers'
[    0.000000] x86/fpu SpotingXSE atur 002 'SEregisters'
[   0.000]x86/fpu: Supporting XSAVE featre0x04: 'AVX registers'
[    0.000000] x86/fpu: Enabled xstate features 0, context size is 832 bytes, using 'standard' format.
[    0.000000] x86/fpu: Using 'lazy' FPU context switches.
[    0.000000] e820: BIOS-provided physical RAM map:
[    0.000000] BIOS-e820: [mem 0x0000000000000000-0x000000000009fbff] usable
[    0.000000] BIOS-e820: [mem 0x000000000009fc00-0x000000000009ffff] reserved
[    0.000000] BIOS-e820: [mem 0x00000000000f0000-0x00000000000fffff] reserved
[    0.000000]BIS-820: [mem0x000000001000000x00000000dffeffff] usabe
[    0.0000 BOS-e820: [mem 0x00000000dfff0000-0x00000000dfffffff] ACPI data
[    0.000000] BIOS-e820: [mem 0x00000000fffc0000-0x00000000ffffffff] reserved
[    0.000000] BIOS-e820: [mem 0x0000000100000000-0x0000000ffffff usabl
  0.0000]  (Execteisble) protectonacive
[    0.000000] SMBIOS 2.5 present.
[    0.000000] Hypervisor detected: KVM
[    0.000000] e820: last_pfn = 0x120000 max_arch_pfn = 0x400000000
[    0.000000] MTRR: Disabled
[    0.000000] x86/PAT: MTRRs disabled, skipping PAT initialization too.
[    0.000000] x86/PAT: Configuration [0-7]: WB  WT  UC- UC  WB  WT  UC- UC  
[    0.000000] CPU MTRRs all blank - virtualized systm.
[    0.000000] e820: lat_pfn = 0xdfff0 max_arch_pfn = 0x40000000
[    0.000000] found SMP MP-table at [mem 0x0009fff0-0x0009ffff] mapped at [ffff88000009fff0]
[    0.000000] Scanning 1 areas for low memory corruption
[    0.000000] RAMDISK: [mem 0x36fd8000-0x377e3fff]
[    0.000000] ACPI: Early table checksum verification disabled
[    0.000000] ACPI: RSDP 0x00000000000E0000 000024 (v02 VBOX  )
[    0.000000] ACPI: XSDT 0x00000000DFFF0030 00003C (v01 VBOX   VBOXXSDT 00000001 ASL  00000061)
[    0.000000] ACPI: FACP 0x00000000DFFF00F0 0000F4 (v04 VBOX   VBOXFACP 00000001 ASL  0000006)[   .00000ACPI: DSDT 0x00000000DFFF0470 002106 (v01 VBOX   VBOXBIOS 00000002 INTL 20100528)
[    0.000000] ACPI: FACS 0x00000000DFFF0200 000040
[    0.000000] ACPI: FACS 0x00000000DFFF0200 000040
[    0.000000] ACPI: APIC 0x00000000DFFF0240 00005C (v02 VBOX   VBOXAPC 000001 AL 00000061)[   0.00000] CP: SSDT 0x00000000DFFF02A0 0001CC (v01BOX   BOCPT 0000002 INTL20100528)
[    0.000000] No NUMA configuration found
[    0.000000] Faking a node at [mem 0x0000000000000000-0x000000011fffffff]
[    0.000000] NODE_DATA(0) allocated [mem 0x11fff7000-0x11fffbfff]
[    0.000000] kvm-clock: Using mrs4b64d01 nd b54d0
[    0.000000] kvm-clock: cpu 0, msr 1:1fff3001, primary cpu clock
[    0.000000] kvm-clock: using sched offset of 4773943308 cycles
[    0.000000] clocksource: kvm-clock: mask: 0xfffffffffffffffmax_cycles: 0x1cd42e4ff, max_idle_ns: 881590591483 ns
[    0.000000] Zone ranges:
[    0.000000]   DMA      [mem 0x0000000000001000-0x0000000000ffff][    0000000]   DMA32    [mem 0x0000000001000000-0x00000000ffffffff]
[    0.000000]   Normal   [mem 0x0000000100000000-0x000000011fffffff]
[    0.000000]   Device   empty
[    0.000000] Movable zone start for each node
[    0.000000] Early memory node ranges
[    0.000000]   node   0: [mem 0x0000000000100-0x000000009efff]
[    0.000000]   node   0: [mem 0x0000000000100000-0x00000000dffeffff]
[    0.000000]   node   0: [mem 0x0000000100000000-0x000000011fffffff]
[    0.000000] Initmem setup node 0 [mem 0x0000000000001000-0x000000011fffffff]
[    0.000000] ACPI: PM-Timer IO Port: 0x4008
[    0.000000] IOAPIC0]: ac_ 2, vesin 7, address 0xfec00000, GSI 0-23
[    0.000000] ACPI: INT_SRC_O (bu 0 bus_irq 0 global_iq df dl)
[  000000]CP: NT_SRCOV(bs 0 bus_rq gobal_i 9ig levl)
[    0.000000] Using ACPI (MADT) for SMPcofiguatn information
[    0.000000] smpboot: Allowing 2 CPUs, 0 hotplug CPUs
[    0.000000] PM: Registered nosave memory: [mem 0x00000000-0x00000fff]
[    0.000000] PM: Registered nosave memory: [mem 0x0009f000-0x0009ffff]
[    0.000000] PM: Registered nosave memory: [mem 0x000a0000-0x000efff]
[  000000]PM Rgitered nav mmory [em0x000f0000-0x000fffff]
[    0.000000] PM: Registered nosave memory: [mem 0xdfff0000-0xffffff
[  000000] PM: Registered osvemeory:[m 0xe000000-xfbfff]
[    0.000000] PM: Registered nosvemeory: [mem 0xfffc0000-0fffffff]
[    0.000000] e820: [mem 0xe0000000-0xfffbffff] available for PCI devices
[    0.000000] Booting parairtualized kerne on KVM
[    0.000000] clocksource: refined-jiffies: mask: 0xfffffff max_cycles: 0xffffffff, max_idle_ns: 764551900211568 ns
[    0.000000] setup_percpu: NR_CPUS:256 nr_cpumask_bits:256 nr_cpu_ids:2 nr_node_ids:1
[    0.000000] PERCPU: Embedded 33 pages/cpu @ffff88011fc00000 s98008 r8192 d28968 u1048576
[    0.000000] PV qspinlock hash table entries: 256 (oder 0 496 byts)
[   .00000] ui 1zonelists in Node order, mobility grouping on.  Total pages: 1032057
[    0.00000] oly zo: orl
[  0.00000] Kernel command line: BOOT_IMAGE=/boot/vmlinuz-4.4.0-43-generic root=LABEL=cloudimg-rootfs ro console=tty1 console=ttyS0
[    0.000000] PID hash table entries: 4096 (order: 3, 32768 bytes)
[    0.000000] Memory: 4034908K/4193848K available (8409K kernel code, 123K rwdata, 3944K rodata, 1480K init, 1292K bss, 158940K reserved, 0K cma-reserved)
[    0.000000] SLUB: HWalign=64, Order=0-3, MinObjets0, CPUs=2, Nodes=1
[    0.000000] Hirachcal RCU implementation.
[    0.000000] 	Build-time adjustment of leaf fanout to 64.
[    0.000000] 	RCU  reritig PUfrm R_CPUS=256 to r_u_ids=.
[    0.000000] RCU: Adjusting eoety or rcu_fanout_leaf=64, nr_cpu_ids=2
[    0.000000] NR_IQS16640 nr_irqs:440 16
[    0.000000] Console: colour VGA+ 80x25
[    0.000000] console [tt1]enbled
[    0.000000] console [ttyS0] enabled
[    0.000000] tsc: Detected 3292.68 Hzprocessor
[    5.967728] Calibrating delay loop (skipped) preset value.. 6585.33 BogoMIPS (lpj=13170672)
[    5.982976] pid_max: default: 32768 minimum: 301
[    5.991470] ACPI: Core revision 20150930
[    5.993341] ACPI: 2 ACPI AML tables successfully acquired and loaded
[    6.022567] Security Framework initialized
[    6.041434] Yama: becoming mindful.
[    6.043530] AppArmor: AppArmor initialized
[    6.045312] Dentry cache hash table entries: 524288 (order: 10, 4194304 bytes)
[    6.053977] Inode-cache hash table entries: 262144 (order: 9, 2097152 bytes)
[    6.056579] Mount-cache hash table entries: 8192 (order: 4, 65536 bytes)
[    6.071440] Mountpoint-cache hash table entries: 8192 (order: 4, 65536 bytes)
[    6.072632] Initializing cgroup subsys io
[    6.079386] Initializing cgroup subsys memory
[    6.083542] Initializing cgroup subsys devices
[    6.084267] Initializing cgroup subsys freezer
[    6.115416] Initializing cgroup subsys net_cls
[    6.119216] Initializing cgroup subsys perf_event
[    6.120103] Initializing cgroup subsys net_prio
[    6.120832] Initializing cgroup subsys hugetlb
[    6.121555] Initializing cgroup subsys pids
[    6.122321] CPU: Physical Processor ID: 0
[    6.123030] CPU: Processor Core ID: 0
[    6.124464] mce: CPU supports 0 MCE banks
[    6.159308] Last level iTLB entries: 4KB 1024, 2MB 1024, 4MB 1024
[    6.171559] Last level dTLB entries: 4KB 1024, 2MB 1024, 4MB 1024, 1GB 4
[    6.208594] Freeing SMP alternatives memory: 32K (ffffffff820b4000 - ffffffff820bc000)
[    6.216959] ftrace: allocating 32007 entries in 126 pages
[    6.275619] smpboot: Max logical packages: 1
[    6.279651] smpboot: APIC(0) Converting physical 0 to logical package 0
[    6.312433] ..TIMER: vector=0x30 apic1=0 pin1=2 apic2=-1 pin2=-1
[    6.418381] smpboot: CPU0: Intel(R) Core(TM) i5-4590 CPU @ 3.30GHz (family: 0x6, model: 0x3c, stepping: 0x3)
[    6.434330] Performance Events: unsupported p6 CPU model 60 no PMU driver, software events only.
[    6.459688] KVM setup paravirtual spinlock
[    6.475439] x86: Booting SMP configuration:
[    6.482662] .... node  #0, CPUs:      #1
[    6.506715] kvm-clock: cpu 1, msr 1:1fff3041, secondary cpu clock
[    6.510891] mce: CPU supports 0 MCE banks
[    6.515412] x86: Booted up 1 node, 2 CPUs
[    6.532855] smpboot: Total of 2 processors activated (13170.67 BogoMIPS)
[    6.582169] devtmpfs: initialized
[    6.584157] evm: security.selinux
[    6.585886] evm: security.SMACK64
[    6.593695] evm: security.SMACK64EXEC
[    6.597883] evm: security.SMACK64TRANSMUTE
[    6.605292] evm: security.SMACK64MMAP
[    6.605932] evm: security.ima
[    6.609865] evm: security.capability
[    6.623134] clocksource: jiffies: mask: 0xffffffff max_cycles: 0xffffffff, max_idle_ns: 7645041785100000 ns
[    6.636911] pinctrl core: initialized pinctrl subsystem
[    6.647221] RTC time: 14:19:58, date: 10/18/16
[    6.656746] NET: Registered protocol family 16
[    6.673369] cpuidle: using governor ladder
[    6.692887] cpuidle: using governor menu
[    6.704961] PCCT header not found.
[    6.706963] ACPI: bus type PCI registered
[    6.707627] acpiphp: ACPI Hot Plug PCI Controller Driver version: 0.5
[    6.708731] PCI: Using configuration type 1 for base access
[    6.741087] ACPI: Added _OSI(Module Device)
[    6.758639] ACPI: Added _OSI(Processor Device)
[    6.760513] ACPI: Added _OSI(3.0 _SCP Extensions)
[    6.775728] ACPI: Added _OSI(Processor Aggregator Device)
[    6.782489] ACPI: Executed 1 blocks of module-level executable AML code
[    6.804031] ACPI: Interpreter enabled
[    6.818844] ACPI Exception: AE_NOT_FOUND, While evaluating Sleep State [\_S1_] (20150930/hwxface-580)
[    6.846785] ACPI Exception: AE_NOT_FOUND, While evaluating Sleep State [\_S2_] (20150930/hwxface-580)
[    6.878170] ACPI Exception: AE_NOT_FOUND, While evaluating Sleep State [\_S3_] (20150930/hwxface-580)
[    6.910076] ACPI Exception: AE_NOT_FOUND, While evaluating Sleep State [\_S4_] (20150930/hwxface-580)
[    6.915769] ACPI: (supports S0 S5)
[    6.916383] ACPI: Using IOAPIC for interrupt routing
[    6.923419] PCI: Using host bridge windows from ACPI; if necessary, use "pci=nocrs" and report a bug
[    6.970897] ACPI: PCI Root Bridge [PCI0] (domain 0000 [bus 00-ff])
[    6.994756] acpi PNP0A03:00: _OSC: OS supports [ASPM ClockPM Segments MSI]
[    7.002834] acpi PNP0A03:00: _OSC failed (AE_NOT_FOUND); disabling ASPM
[    7.023852] acpi PNP0A03:00: fail to add MMCONFIG information, can't access extended PCI configuration space under this bridge.
[    7.040976] PCI host bridge to bus 0000:00
[    7.043850] pci_bus 0000:00: root bus resource [io  0x0000-0x0cf7 window]
[    7.045065] pci_bus 0000:00: root bus resource [io  0x0d00-0xffff window]
[    7.047560] pci_bus 0000:00: root bus resource [mem 0x000a0000-0x000bffff window]
[    7.063977] pci_bus 0000:00: root bus resource [mem 0xe0000000-0xffdfffff window]
[    7.073982] pci_bus 0000:00: root bus resource [bus 00-ff]
[    7.083531] pci 0000:00:01.1: legacy IDE quirk: reg 0x10: [io  0x01f0-0x01f7]
[    7.084540] pci 0000:00:01.1: legacy IDE quirk: reg 0x14: [io  0x03f6]
[    7.086960] pci 0000:00:01.1: legacy IDE quirk: reg 0x18: [io  0x0170-0x0177]
[    7.090006] pci 0000:00:01.1: legacy IDE quirk: reg 0x1c: [io  0x0376]
[    7.183066] ACPI: PCI Interrupt Link [LNKA] (IRQs 5 9 10 11) *0, disabled.
[    7.189899] ACPI: PCI Interrupt Link [LNKB] (IRQs 5 9 10 *11)
[    7.191158] ACPI: PCI Interrupt Link [LNKC] (IRQs 5 9 *10 11)
[    7.200514] ACPI: PCI Interrupt Link [LNKD] (IRQs 5 *9 10 11)
[    7.201824] ACPI: Enabled 2 GPEs in block 00 to 07
[    7.205116] vgaarb: setting as boot device: PCI:0000:00:02.0
[    7.218469] vgaarb: device added: PCI:0000:00:02.0,decodes=io+mem,owns=io+mem,locks=none
[    7.223133] vgaarb: loaded
[    7.223671] vgaarb: bridge control possible 0000:00:02.0
[    7.236523] SCSI subsystem initialized
[    7.248533] ACPI: bus type USB registered
[    7.256292] usbcore: registered new interface driver usbfs
[    7.260814] usbcore: registered new interface driver hub
[    7.261656] usbcore: registered new device driver usb
[    7.267840] PCI: Using ACPI for IRQ routing
[    7.269998] NetLabel: Initializing
[    7.270603] NetLabel:  domain hash size = 128
[    7.272532] NetLabel:  protocols = UNLABELED CIPSOv4
[    7.274726] NetLabel:  unlabeled traffic allowed by default
[    7.288745] amd_nb: Cannot enumerate AMD northbridges
[    7.296948] clocksource: Switched to clocksource kvm-clock
[   7.324267] AppArmor: AppArmor Filesystem Enabled
    7.346955] pnp: PnPAC init
[    7.433693] pnp: PnP ACPI: found 3 devices

[    7.445781] clocksource: acpi_pm: mask: 0xffffff max_cycles: 0xffffff, max_idle_ns: 2085701024 ns
[    7.447541] NET: Registered protocol family 2
[   7.853]CPesabisedhash table entries: 32768 (order: 6, 262144 bytes)

[    7.684920] TCP bind hash table entries: 32768 (order: 7, 524288 bytes)
[   .6697]TCP: Hash tables configured (established 32768 bind 32768)
[   7991] UDP hash table entie 204 (de:  653 bytes)
   831319] DPLie shtae nties: 2048 (order: 4, 6556 bytes)
[   .44501] NET: Registered protocol family 1
[   8.5442] ci 0000:00:00.0: Limiting direct PCI/PCI transfers
[    8.6632]pci 0000:00:01.0: Activating ISA DMA hang workarounds
[   6949] ryngto npckrotf iges itam..
[   10.391611] Freeing initrd memory: 8240K (ffff880036fd8000 - ffff8800377e4000)
[   10.396017] PCI-DMA: Using software bounce buffering for IO (SWIOTLB)
[   10.397014] software IO TLB [mem 0xdbff0000-0xdfff0000] (64MB) mapped at [ffff8800dbff0000-ffff8800dffeffff]
[   10.405827] RAPL PMU detected, API unit is 2^-32 Joules, 4 fixed counters 10737418240 ms ovfl timer
[   10.416179] hw unit of domain pp0-core 2^-0 Joules
[   10.428874] hw unit of domain package 2^-0 Joules
[   10.430707] hw unit of domain dram 2^-0 Joules
[   10.448543] hw unit of domain pp1-gpu 2^-0 Joules
[   10.467525] platform rtc_cmos: registered platform RTC device (no PNP device found)
[   10.474880] Scanning for low memory corruption every 60 seconds
[   10.476102] futex hash table entries: 512 (order: 3, 32768 bytes)
[   10.478524] audit: initializing netlink subsys (disabled)
[   10.479363] audit: type=2000 audit(1476800402.286:1): initialized
[   10.480499] Initialise system trusted keyring
[   10.481445] HugeTLB registered 2 MB page size, pre-allocated 0 pages
[   10.483569] zbud: loaded
[   10.484286] VFS: Disk quotas dquot_6.6.0
[   10.487500] VFS: Dquot-cache hash table entries: 512 (order 0, 4096 bytes)
[   10.491652] squashfs: version 4.0 (2009/01/31) Phillip Lougher
[   10.492885] fuse init (API version 7.23)
[   10.496730] Key type big_key registered
[   10.497479] Allocating IMA MOK and blacklist keyrings.
[   10.500216] Key type asymmetric registered
[   10.508146] Asymmetric key parser 'x509' registered
[   10.530194] Block layer SCSI generic (bsg) driver version 0.4 loaded (major 249)
[   10.542174] io scheduler noop registered
[   10.542835] io scheduler deadline registered (default)
[   10.546667] io scheduler cfq registered
[   10.548892] pci_hotplug: PCI Hot Plug PCI Core version: 0.5
[   10.574575] pciehp: PCI Express Hot Plug Controller Driver version: 0.4
[   10.578182] ACPI: AC Adapter [AC] (on-line)
[   10.580173] input: Power Button as /devices/LNXSYSTM:00/LNXPWRBN:00/input/input0
[   10.584800] ACPI: Power Button [PWRF]
[   10.592587] input: Sleep Button as /devices/LNXSYSTM:00/LNXSLPBN:00/input/input1
[   10.606090] ACPI: Sleep Button [SLPF]
[   10.611286] GHES: HEST is not enabled!
[   10.632647] Serial: 8250/16550 driver, 32 ports, IRQ sharing enabled
[   10.655355] 00:02: ttyS0 at I/O 0x3f8 (irq = 4, base_baud = 115200) is a 16550A
[   10.666153] Linux agpgart interface v0.103
[   10.682843] brd: module loaded
[   10.694542] loop: module loaded
[   10.697232] scsi host0: ata_piix
[   10.698033] scsi host1: ata_piix
[   10.704242] ata1: PATA max UDMA/33 cmd 0x1f0 ctl 0x3f6 bmdma 0xd000 irq 14
[   10.727649] ata2: PATA max UDMA/33 cmd 0x170 ctl 0x376 bmdma 0xd008 irq 15
[   10.736567] libphy: Fixed MDIO Bus: probed
[   10.745974] tun: Universal TUN/TAP device driver, 1.6
[   10.746759] tun: (C) 1999-2004 Max Krasnyansky <maxk@qualcomm.com>
[   10.751076] PPP generic driver version 2.4.2
[   10.758785] ehci_hcd: USB 2.0 'Enhanced' Host Controller (EHCI) Driver
[   10.760891] ehci-pci: EHCI PCI platform driver
[   10.764648] ehci-platform: EHCI generic platform driver
[   10.766679] ohci_hcd: USB 1.1 'Open' Host Controller (OHCI) Driver
[   10.768890] ohci-pci: OHCI PCI platform driver
[   10.771976] ohci-platform: OHCI generic platform driver
[   10.777737] uhci_hcd: USB Universal Host Controller Interface driver
[   10.778727] i8042: PNP: PS/2 Controller [PNP0303:PS2K,PNP0f03:PS2M] at 0x60,0x64 irq 1,12
[   10.783204] serio: i8042 KBD port at 0x60,0x64 irq 1
[   10.783982] serio: i8042 AUX port at 0x60,0x64 irq 12
[   10.784868] mousedev: PS/2 mouse device common for all mice
[   10.796589] rtc_cmos rtc_cmos: rtc core: registered rtc_cmos as rtc0
[   10.799134] rtc_cmos rtc_cmos: alarms up to one day, 114 bytes nvram
[   10.802975] input: AT Translated Set 2 keyboard as /devices/platform/i8042/serio0/input/input2
[   10.0772 i2c/dev entris river

[   10.964781] device-mapper: uevent: version 1.0.3
[   10.965698] device-mapper: ioctl: 4.34.0-ioctl (2015-10-28) initialised: dm-devel@redhat.com
[   10.982235] ledtrig-cpu: registered to indicate activity on CPUs
[   10.984576] NET: Registered protocol family 10
[   10.995890] NET: Registered protocol family 17
[   10.996626] Key type dns_resolver registered
[   11.007069] microcode: CPU0 sig=0x306c3, pf=0x40, revision=0x0
[   11.009339] microcode: CPU1 sig=0x306c3, pf=0x40, revision=0x0
[   11.010238] microcode: Microcode Update Driver: v2.01 <tigran@aivazian.fsnet.co.uk>, Peter Oruba
[   11.011714] registered taskstats version 1
[   11.023118] Loading compiled-in X.509 certificates
[   11.031673] Loaded X.509 cert 'Build time autogenerated kernel key: d76179dc6bbadd817ec29258d181eadabda602cb'
[   11.038919] zswap: loaded using pool lzo/zbud
[   11.047513] Key type trusted registered
[   11.059705] Key type encrypted registered
[   11.067573] AppArmor: AppArmor sha1 policy hashing enabled
[   11.069796] ima: No TPM chip found, activating TPM-bypass!
[   11.073440] evm: HMAC attrs: 0x1
[   11.078768]   Magic number: 4:134:334
[   11.082732] tty tty55: hash matches
[   11.084546] rtc_cmos rtc_cmos: setting system clock to 2016-10-18 14:20:02 UTC (1476800402)
[   11.088842] BIOS EDD facility v0.16 2004-Jun-25, 0 devices found
[   11.089763] EDD information not available.
[   11.091562] Freeing unused kernel memory: 1480K (ffffffff81f42000 - ffffffff820b4000)
[   11.094305] Write protecting the kernel read-only data: 14336k
[   11.095719] Freeing unused kernel memory: 1820K (ffff880001839000 - ffff880001a00000)
[   11.117666] Freeing unused kernel memory: 152K (ffff880001dda000 - ffff880001e00000)
Loading, please wait...
starting version[   11.147917] random: systemd-udevd: uninitialized urandom read (16 bytes read, 2 bits of entropy available)
 229
[   11.220858] random: systemd-udevd: uninitialized urandom read (16 bytes read, 2 bits of entropy available)
[   11.221841] random: udevadm: uninitialized urandom read (16 bytes read, 2 bits of entropy available)
[   11.221873] random: udevadm: uninitialized urandom read (16 bytes read, 2 bits of entropy available)
[   11.222005] random: udevadm: uninitialized urandom read (16 bytes read, 2 bits of entropy available)
[   11.222049] random: udevadm: uninitialized urandom read (16 bytes read, 2 bits of entropy available)
[   11.222084] random: udevadm: uninitialized urandom read (16 bytes read, 2 bits of entropy available)
[   11.222120] random: udevadm: uninitialized urandom read (16 bytes read, 2 bits of entropy available)
[   11.222153] random: udevadm: uninitialized urandom read (16 bytes read, 2 bits of entropy available)
[   11.222185] random: udevadm: uninitialized urandom read (16 bytes read, 2 bits of entropy available)
[   11.341074] e1000: Intel(R) PRO/1000 Network Driver - version 7.3.21-k8-NAPI
[   11.348056] e1000: Copyright (c) 1999-2006 Intel Corporation.
[   11.357256] Fusion MPT base driver 3.04.20
[   11.357958] Copyright (c) 1999-2008 LSI Corporation
[   11.403763] Fusion MPT SPI Host driver 3.04.20
[   11.407361] AVX version of gcm_enc/dec engaged.
[   11.414754] AES CTR mode by8 optimization enabled
[   11.465005] tsc: Refined TSC clocksource calibration: 3292.000 MHz
[   11.478126] clocksource: tsc: mask: 0xffffffffffffffff max_cycles: 0x2f73c6ed03e, max_idle_ns: 440795307188 ns
[   11.655187] input: ImExPS/2 Generic Explorer Mouse as /devices/platform/i8042/serio1/input/input4
[   11.744091] e1000 0000:00:03.0 eth0: (PCI:33MHz:32-bit) 02:3b:10:fe:82:8d
[   11.755401] e1000 0000:00:03.0 eth0: Intel(R) PRO/1000 Network Connection
[   11.757313] mptbase: ioc0: Initiating bringup
[   11.757801] e1000 0000:00:03.0 enp0s3: renamed from eth0
[   11.869244] ioc0: LSI53C1030 A0: Capabilities={Initiator}
[   12.042514] scsi host2: ioc0: LSI53C1030 A0, FwRev=00000000h, Ports=1, MaxQ=256, IRQ=20
[   12.177524] scsi 2:0:0:0: Direct-Access     VBOX     HARDDISK         1.0  PQ: 0 ANSI: 5
[   12.261704] scsi target2:0:0: Beginning Domain Validation
[   12.263203] scsi target2:0:0: Domain Validation skipping write tests
[   12.325956] scsi target2:0:0: Ending Domain Validation
[   12.363618] scsi target2:0:0: asynchronous
[   12.364814] scsi 2:0:1:0: Direct-Access     VBOX     HARDDISK         1.0  PQ: 0 ANSI: 5
[   12.391072] scsi target2:0:1: Beginning Domain Validation
[   12.392486] scsi target2:0:1: Domain Validation skipping write tests
[   12.393437] scsi target2:0:1: Ending Domain Validation
[   12.394259] scsi target2:0:1: asynchronous
[   12.400734] sd 2:0:0:0: [sda] 20971520 512-byte logical blocks: (10.7 GB/10.0 GiB)
[   12.403675] sd 2:0:0:0: [sda] Write Protect is off
[   12.409103] sd 2:0:0:0: Attached scsi generic sg0 type 0
[   12.409269] sd 2:0:1:0: Attached scsi generic sg1 type 0
[   12.451118] sd 2:0:1:0: [sdb] 20480 512-byte logical blocks: (10.5 MB/10.0 MiB)
[   12.451235] sd 2:0:0:0: [sda] Incomplete mode parameter data
[   12.451236] sd 2:0:0:0: [sda] Assuming drive cache: write through
[   12.466650] sd 2:0:1:0: [sdb] Write Protect is off
[   12.468872] sd 2:0:1:0: [sdb] Incomplete mode parameter data
[   12.485787] sd 2:0:1:0: [sdb] Assuming drive cache: write through
[   12.545611]  sda: sda1
[   12.563935] sd 2:0:0:0: [sda] Attached SCSI disk
[   12.572882] sd 2:0:1:0: [sdb] Attached SCSI disk
[   14.411702] floppy0: no floppy controllers found
Begin: Loading e[   15.809110] md: linear personality registered for level -1
ssential drivers ... [   15.816218] md: multipath personality registered for level -4
[   15.830349] md: raid0 personality registered for level 0
[   15.839741] md: raid1 personality registered for level 1
[   15.921194] raid6: sse2x1   gen() 10212 MB/s
[   15.993197] raid6: sse2x1   xor()  7874 MB/s
[   16.073190] raid6: sse2x2   gen() 12712 MB/s
[   16.145189] raid6: sse2x2   xor()  8658 MB/s
[   16.242569] raid6: sse2x4   gen() 11048 MB/s
[   16.313235] raid6: sse2x4   xor()  7834 MB/s
[   16.323853] raid6: using algorithm sse2x2 gen() 12712 MB/s
[   16.327516] raid6: .... xor() 8658 MB/s, rmw enabled
[   16.343543] raid6: using ssse3x2 recovery algorithm
[   16.346619] xor: automatically using best checksumming function:
[   16.385729]    avx       : 20293.000 MB/sec
[   16.399243] async_tx: api initialized (async)
[   16.427346] md: raid6 personality registered for level 6
[   16.432485] md: raid5 personality registered for level 5
[   16.435696] md: raid4 personality registered for level 4
[   16.442429] md: raid10 personality registered for level 10
done.
Begin: Running /scripts/init-premount ... done.
Begin: Mounting root file system ... Begin: Running /scripts/local-top ... done.
Begin: Running /scripts/local-premount ... [   16.474713] Btrfs loaded
Scanning for Btrfs filesystems
done.
Warning: fsck not present, so skipping root file system
[   16.779873] EXT4-fs (sda1): mounted filesystem with ordered data mode. Opts: (null)
done.
Begin: Running /scripts/local-bottom ... done.
Begin: Running /scripts/init-bottom ... Warning: overlayroot: debug is busted
done.
[   17.574279] systemd[1]: systemd 229 running in system mode. (+PAM +AUDIT +SELINUX +IMA +APPARMOR +SMACK +SYSVINIT +UTMP +LIBCRYPTSETUP +GCRYPT +GNUTLS +ACL +XZ -LZ4 +SECCOMP +BLKID +ELFUTILS +KMOD -IDN)
[   17.590413] systemd[1]: Detected virtualization oracle.
[   17.598083] systemd[1]: Detected architecture x86-64.
[   7.3140] rando: onlokig pool is initialized

Welcome to [1mUbuntu 16.04.1 LTS[0m!


[   17.844384] systemd[1]: Set hostname to <ubuntu>.
[  189100] ysemd[1]Initializing machine ID from random generator.

[   18.085472] systemd[1]: Installed transient /etc/machine-id file.
[   19.032822] systemd[1]: Listening on Journal Socket (/dev/log).
[[0;32m  OK  [0m] Listening on Journal Socket (/dev/log).
[   19.051350] systemd[1]: Reached target User and Group Name Lookups.
[[0;32m  OK  [0m] Reached target User and Group Name Lookups.
[   10602syted[1]: Listening on Syslog Socket.

[[0;32m  OK  [0m] Listening on Syslog Socket.
[   19.258575] systemd[1]: Started Forward Password Requests to Wall Directory Watch.
[[0;32m  OK  [0m] Started Forward Password Requests to Wall Directory Watch.
[  12966] ystemd[1]: Reached target Encrypted Volumes.

[[0;32m  OK  [0m] Reached target Encrypted Volumes.
[   19.431973] systemd[1]: Created slice System Slice.
[[0;32m  OK  [0m] Created slice System Slice.
[   19.434337] systemd[1]: Listening on Device-mapper event daemon FIFOs.
[[0;32m  OK  [0m] Listening on Device-mapper event daemon FIFOs.
[   19.436931] systemd[1]: Listening on Journal Audit Socket.
[[0;32m  OK  [0m] Listening on Journal Audit Socket.
[   19.439379] systemd[1]: Listening on LVM2 poll daemon socket.
[[0;32m  OK  [0m] Listening on LVM2 poll daemon socket.
[   19.441537] systemd[1]: Listening on /dev/initctl Compatibility Named Pipe.
[[0;32m  OK  [0m] Listening on /dev/initctl Compatibility Named Pipe.
[   19.444579] systemd[1]: Set up automount Arbitrary Executable File Formats File System Automount Point.
[[0;32m  OK  [0m] Set up automount Arbitrary Executab...ats File System Automount Point.
[   19.447498] systemd[1]: Listening on udev Kernel Socket.
[[0;32m  OK  [0m] Listening on udev Kernel Socket.
[   19.449485] systemd[1]: Listening on udev Control Socket.
[[0;32m  OK  [0m] Listening on udev Control Socket.
[   19.485802] systemd[1]: Creatd lie system-serial\x2dgettyslce.

[[0;32m  OK  [0m] Created slice system-serial\x2dgetty.slice.
[   19.611973] systemd[1]: Listening on LVM2 metadata daemon socket.
[[0;32m  OK  [0m] Listening on LVM2 metadata daemon socket.
[   19.625014] systemd[1]: Listening on Journal Socket.
[[0;32m  OK  [0m] Listening on Journal Socket.
[   19.669083] systemd[1]: Mounting POSIX Message Queue File System...
         Mounting POSIX Message Queue File System...
[   19.717438] systemd[1]: Mounting Huge Pages File System...
         Mounting Huge Pages File System...
[   19.821184] systemd[1]: Starting Load Kernel Modules...
         Starting Load Kernel Modules...
[   19.917121] systemd[1]: Mounting Debug File System...
         Mounting Debug File System...
[   19.973550] systemd[1]: Starting Journal Service...
         [   19.997726] Loading iSCSI transport class v2.0-870.
Starting Journal Service...
[   20.018299] systemd[1]: Starting Uncomplicated firewall...
         Starting Uncomplicated firewall...
[   20.040614] systemd[1]: Starting Create list of required static device nodes for the current kernel...
         Starting Create list of required st... nodes for the current kernel...
[   20.044445] systemd[1]: Starting Monitoring of LVM2 mirrors, snapshots etc. using dmeventd or progress polling...
         Starting Monitoring of LVM2 mirrors... dmeventd or progress polling...
[   20.054725] systemd[1]: Created slice User and Session Slice.
[[0;32m  OK  [0m] Created slice User and Session Slice.
[   20.057247] systemd[1]: Reached target Slices.
[[0;32m  OK  [0m] Reached target Slices.
[   20.085510] systemd[1]: Starting Nameserver information manager...
         Starting Nameserver information manager...
[   20.09317] systemd[1]: Reached target Swap.

[[0;32m  OK  [0m] Reached target Swap.
[   20.157548] systemd[1]: Starting Remount Root and Kernel File Systems...
         Starting Remount Root and Kernel File Systems...
[   20.170103] systemd[1]: Starting Set console keymap...
         Starting Set console keymap...
[   20.185626] systemd[1]: Mounted Debug File System.
[[0;32m  OK  [0m] Mounted Debug File System.
[   20.187492] systemd[1]: Mounted Huge Pages File System.
[[0;32m  OK  [0m] Mounted Huge Pages File System.
[   20.203032] systemd[1]: Mounted POSIX Message Queue File System.
[[0;32m  OK  [0m] Mounted POSIX Message Queue File System.
[   20.213103] iscsi: registered transport (tcp)
[   20.280816] EXT4-fs (sda1): re-mounted. Opts: (null)
[   20.329600] systemd[1]: Started Nameserver information manager.
[[0;32m  OK  [0m] Started Nameserver information manager.
[   20.340140] systemd[1]: Started Uncomplicated firewall.
[[0;32m  OK  [0m] Started Uncomplicated firewall.
[   20.378945] systemd[1]: Started Create list of required static device nodes for the current kernel.
[[0;32m  OK  [0m] Started Create list of required sta...ce nodes for the current kernel.
[  2.511511] systemd[1]: Started Remount Root and Kernel File Systems.
[[0;32m  OK  [0m] Started Remount Root and Kernel File Systems.
[   20.653536] systemd[1]: Starting udev Coldplug all Devices...
         Starting udev Coldplug all Devices...
[   20.681876] systemd[1]: Starting Load/Save Random Seed...
         Starting Load/Save Random Seed...
[   20.721164] systemd[1]: Starting Create Static Device Nodes in /dev...
         Starting Create Static Device Nodes in /dev...
[   20.732264] systemd[1]: Started Set console keymap.
[[0;32m  OK  [0m] Started Set console keymap.
[   20.792625] systemd[1]: Started udev Coldplug all Devices.
[[0;32m  OK  [0m] Started udev Coldplug all Devices.
[   20.826692] systemd[1]: Started Load/Save Random Seed.
[[0;32m  OK  [0[   20.858586] iscsi: registered transport (iser)
m] Started Load/Save Random Seed.
[   20.872309] systemd[1]: Started Load Kernel Modules.
[[0;32m  OK  [0m] Started Load Kernel Modules.
[   20.893563] systemd[1]: Starting Apply Kernel Variables...
         Starting Apply Kernel Variables...
[   20.937493] systemd[1]: Mounting FUSE Control File System...
         Mounting FUSE Control File System...
[   20.970651] systemd[1]: Mounted FUSE Control File System.
[[0;32m  OK  [0m] Mounted FUSE Control File System.
[   20.985041] systemd[1]: Started Journal Service.
[[0;32m  OK  [0m] Started Journal Service.
[[0;32m  OK  [0m] Started LVM2 metadata daemon.
         Starting Flush Journal to Persistent Storage...
[[0;32m  OK  [0m] Started Apply Kernel Variables.
[[0;32m  OK  [0m] Started Flush Journal to Persistent Storage.
[[0;32m  OK  [0m] Started Create Static Device Nodes in /dev.
         Starting udev Kernel Device Manager...
[[0;32m  OK  [0m] Started udev Kernel Device Manager.
[[0;32m  OK  [0m] Started Monitoring of LVM2 mirrors,...ng dmeventd or progress polling.
[[0;32m  OK  [0m] Started Dispatch Password Requests to Console Directory Watch.
[[0;32m  OK  [0m] Reached target Local File Systems (Pre).
[[0;32m  OK  [0m] Reached target Local File Systems.
         Starting Create Volatile Files and Directories...
         Starting Run snappy firstboot setup...
         Starting Set console font and keymap...
         Starting LSB: AppArmor initialization...
         Starting Commit a transient machine-id on disk...
         Starting Tell Plymouth To Write Out Runtime Data...
         Starting Initial cloud-init job (pre-networking)...
[[0;32m  OK  [0m] Found device /dev/ttyS0.
[[0;32m  OK  [0m] Started Commit a transient machine-id on disk.
[[0;32m  OK  [0m] Listening on Load/Save RF Kill Switch Status /dev/rfkill Watch.
[[0;32m  OK  [0m] Started Tell Plymouth To Write Out Runtime Data.
[[0;32m  OK  [0m] Started Create Volatile Files and Directories.
[[0;32m  OK  [0m] Reached target System Time Synchronized.
         Starting Update UTMP about System Boot/Shutdown...
[[0;32m  OK  [0m] Started Update UTMP about System Boot/Shutdown.
[[0;32m  OK  [0m] Started LSB: AppArmor initialization.
[[0;32m  OK  [0m] Reached target System Initialization.
[[0;32m  OK  [0m] Listening on ACPID Listen Socket.
[[0;32m  OK  [0m] Started Trigger resolvconf update for networkd DNS.
[[0;32m  OK  [0m] Listening on D-Bus System Message Bus Socket.
[[0;32m  OK  [0m] Listening on UUID daemon activation socket.
         Starting LXD - unix socket.
[[0;32m  OK  [0m] Started ACPI Events Check.
[[0;32m  OK  [0m] Reached target Paths.
[[0;32m  OK  [0m] Started Timer to automatically refresh installed snaps.
         Starting Socket activation for snappy daemon.
[[0;32m  OK  [0m] Started Daily apt activities.
[[0;32m  OK  [0m] Started Daily Cleanup of Temporary Directories.
[[0;32m  OK  [0m] Reached target Timers.
[[0;32m  OK  [0m] Listening on LXD - unix socket.
[[0;32m  OK  [0m] Listening on Socket activation for snappy daemon.
[[0;32m  OK  [0m] Reached target Sockets.
[[0;32m  OK  [0m] Reached target Basic System.
         Starting Login Service...
[[0;32m  OK  [0m] Started Deferred execution scheduler.
[[0;32m  OK  [0m] Started Regular background program processing daemon.
[[0;32m  OK  [0m] Started D-Bus System Message Bus.
         Starting LSB: MD monitoring daemon...
         Starting Accounts Service...
         Starting LSB: Record successful boot for GRUB...
[[0;32m  OK  [0m] Started FUSE filesystem for LXC.
[[0;32m  OK  [0m] Started ACPI event daemon.
         Starting System Logging Service...
         Starting LXD - container startup/shutdown...
[[0;32m  OK  [0m] Started Run snappy firstboot setup.
[[0;32m  OK  [0m] Started Set console font and keymap.
[[0;32m  OK  [0m] Created slice system-getty.slice.
[[0;32m  OK  [0m] Started Snappy daemon.
[[0;32m  OK  [0m] Started Login Service.
[[0;32m  OK  [0m] Started LSB: MD monitoring daemon.
[[0;32m  OK  [0m] Started LSB: Record successful boot for GRUB.
         Starting Authenticate and Authorize Users to Run Privileged Tasks...
[[0;32m  OK  [0m] Started System Logging Service.
[[0;32m  OK  [0m] Started Authenticate and Authorize Users to Run Privileged Tasks.
[[0;32m  OK  [0m] Started Accounts Service.
[[0;32m  OK  [0m] Started LXD - container startup/shutdown.
[   25.890937] cloud-init[525]: Cloud-init v. 0.7.8 running 'init-local' at Tue, 18 Oct 2016 14:20:23 +0000. Up 25.38 seconds.
[[0;32m  OK  [0m] Started Initial cloud-init job (pre-networking).
[[0;32m  OK  [0m] Reached target Network (Pre).
         Starting Raise network interfaces...
[[0;32m  OK  [0m] Started Raise network interfaces.
         Starting Initial cloud-init job (metadata service crawler)...
[[0;32m  OK  [0m] Reached target Network.
[   28.570617] cloud-init[1011]: Cloud-init v. 0.7.8 running 'init' at Tue, 18 Oct 2016 14:20:24 +0000. Up 26.69 seconds.
[   28.600218] cloud-init[1011]: ci-info: +++++++++++++++++++++++++++++++++++++Net device info++++++++++++++++++++++++++++++++++++++
[   28.603563] cloud-init[1011]: ci-info: +--------+------+----------------------------+---------------+-------+-------------------+
[   28.606559] cloud-init[1011]: ci-info: | Device |  Up  |          Address           |      Mask     | Scope |     Hw-Address    |
[   28.643190] [cloud-init[0;32m  OK  [0m[1011]: ] ci-info: +--------+------+----------------------------+---------------+-------+-------------------+Started Initial cloud-init job (metadata service crawler).

[   28.643489] cloud-init[1011]: ci-info: | enp0s3 | True |         10.0.2.15          | 255.255.255.0 |   .   | 02:3b:10:fe:82:8d |
[   28.804833] [cloud-init[0;32m  OK  [0m[1011]: ] ci-info: | enp0s3 | True | fe80::3b:10ff:fefe:828d/64 |       .       |  link | 02:3b:10:fe:82:8d |Reached target Network is Online.

[   28.805173] cloud-init[1011]: ci-info: |   lo   | True |         127.0.0.1          |   255.0.0.0   |   .   |         .         |
[   28.993503]          cloud-initStarting /etc/rc.local Compatibility...[1011]: 
ci-info: |   lo   | True |          ::1/128           |       .       |  host |         .         |
[   29.080328]          cloud-initStarting Pollinate to seed the pseudo random number generator...[1011]: 
ci-info: +--------+------+----------------------------+---------------+-------+-------------------+
[   29.166800]          cloud-initStarting iSCSI initiator daemon (iscsid)...[1011]: 
ci-info: +++++++++++++++++++++++++++Route IPv4 info++++++++++++++++++++++++++++
[[0;32m  OK  [0m] Reached target Cloud-config availability.
[   29.184538] cloud-init[1011]: ci-info: +-------+-------------+----------+---------------+-----------+-------+
[   29.252635]          cloud-initStarting Apply the settings specified in cloud-config...[1011]: 
ci-info: | Route | Destination | Gateway  |    Genmask    | Interface | Flags |
[   29.261633] cloud-init[1011]: ci-info: +-------+-------------+----------+---------------+-----------+-------+
[   29.276825] cloud-init[1011]: ci-info: |   0   |   0.0.0.0   | 10.0.2.2 |    0.0.0.0    |   enp0s3  |   UG  |
[   29.305430] cloud-init[1011]: ci-info: |   1   |   10.0.2.0  | 0.0.0.0  | 255.255.255.0 |   enp0s3  |   U   |
[   29.341214] cloud-init[1011]: ci-info: +-------+-------------+----------+---------------+-----------+-------+
[[0;32m  OK  [0m] Started /etc/rc.local Compatibility.
[   29.405016] cloud-init[1011]: Generating public/private rsa key pair.
[   29.432434] cloud-init[1011]: Your identification has been saved in /etc/ssh/ssh_host_rsa_key.
[   29.436718] cloud-init[1011]: Your public key has been saved in /etc/ssh/ssh_host_rsa_key.pub.
[   29.446963] cloud-init[1011]: The key fingerprint is:
[   29.468278] cloud-init[1011]: SHA256:e3HVyFPzciKPq9Qt/mKizQF9jbuykyCMa74tb5vhGos root@ubuntu-xenial
[   29.472832] cloud-init[1011]: The key's randomart image is:
[   29.474174] cloud-init[1011]: +---[RSA 2048]----+
[[0;32m  OK  [0m] Started iSCSI initiator daemon (iscsid).
[   29.484854] cloud-init[1011]: |               ..|
[   29.491051] cloud-init[1011]: |             . +o|
[   29.492094] cloud-init[1011]: |            . B +|
[   29.494890] cloud-init[1011]: |         .   B = |
[   29.508825]          cloud-initStarting Login to default iSCSI targets...[1011]: 
|     o  S o = o  |
[   29.513597] cloud-init[1011]: |    . o .o = +   |
[   29.532235] cloud-init[1011]: |    ......+.= .  |
[   29.540312] cloud-init[1011]: |   .+=.o ==+oo   |
[   29.544505] cloud-init[1011]: |  Eo=**...=*oo.  |
[   29.550546] cloud-init[1011]: +----[SHA256]-----+
[   29.553765] cloud-init[1011]: Generating public/private dsa key pair.
[   29.556734] cloud-init[1011]: Your identification has been saved in /etc/ssh/ssh_host_dsa_key.
[   29.564461] cloud-init[1011]: Your public key has been saved in /etc/ssh/ssh_host_dsa_key.pub.
[   29.566802] cloud-init[1011]: The key fingerprint is:
[   29.571629] cloud-init[1011]: SHA256:vXiEX8V3kiubybKTlvt3N6YMPZtVL8PPsijwZbtPBkc root@ubuntu-xenial
[   29.573144] cloud-init[1011]: The key's randomart image is:
[   29.574321] cloud-init[1011]: +---[DSA 1024]----+
[   29.588513] cloud-init[1011]: |                 |
[   29.593885] cloud-init[1011]: |             . . |
[   29.601821] cloud-init[1011]: |              E o|
[   29.612213] cloud-init[1011]: |         o   o +.|
[   29.648763] cloud-init[1011]: |        S o + o .|
[   29.663794] cloud-init[1011]: |        .+ ++O  o|
[   29.708327] [cloud-init[0;32m  OK  [0m[1011]: ] |        .o=*=+*..|Started Login to default iSCSI targets.

[   29.708692] cloud-init[1011]: |         .Bo++BBo|
[   29.776299] [cloud-init[0;32m  OK  [0m[1011]: ] |         .o=+O=+=|Reached target Remote File Systems (Pre).

[[   29.776715] [0;32m  OK  [0mcloud-init] [1011]: Reached target Remote File Systems.+----[SHA256]-----+

[   29.853380]          cloud-initStarting Permit User Sessions...[1011]: 
Generating public/private ecdsa key pair.
[   29.855751] cloud-init[1011]: Your identification has been saved in /etc/ssh/ssh_host_ecdsa_key.
[   29.871799]          cloud-initStarting LSB: automatic crash report generation...[1011]: 
Your public key has been saved in /etc/ssh/ssh_host_ecdsa_key.pub.
[   29.916385]          cloud-initStarting LSB: daemon to balance interrupts for SMP systems...[1011]: 
The key fingerprint is:
[   29.932053]          cloud-initStarting LSB: Set the CPU Frequency Scaling governor to "ondemand"...[1011]: 
SHA256:xyzozvLdklZT4FZZR3IX6df474MpmqEAf7xLqdCR2GU root@ubuntu-xenial
[   29.952463]          cloud-initStarting LSB: VirtualBox Linux Additions...[1011]: 
The key's randomart image is:
[   29.992559] [cloud-init[0;32m  OK  [0m[1011]: ] +---[ECDSA 256]---+Started LSB: Set the CPU Frequency Scaling governor to "ondemand".

[   29.992880] cloud-init[1011]: |             oooB|
[   30.011533] cloud-init[1011]: |          . o  =.|
[   30.016454] cloud-init[1011]: |       E . o  ...|
[   30.024330] cloud-init[1011]: |    o +. oo . ..o|
[   30.057880] cloud-init[1011]: |   o +. S.+.   ..|
[   30.112317] cloud-init[1011]: |    +.o .oo     .|
[   30.172336] cloud-init[1011]: |   . +.= + .  o .|
[   30.216322] cloud-init[1011]: |    oo=.*.o. o ..|
[   30.244307] cloud-init[1011]: |     ++=o+o .  .o|
[   30.254030] cloud-init[1011]: +----[SHA256]-----+
[   30.269356] cloud-init[1011]: Generating public/private ed25519 key pair.
[   30.292446] cloud-init[1011]: Your identification has been saved in /etc/ssh/ssh_host_ed25519_key.
[   30.315765] cloud-init[1011]: Your public key has been saved in /etc/ssh/ssh_host_ed25519_key.pub.
[   30.380340] cloud-init[1011]: The key fingerprint is:
[   30.416450] cloud-init[1011]: SHA256:G6EL+KHN6e9g5xVTonCncVwH3q7HUI7qd1IlhbW2SoI root@ubuntu-xenial
[   30.440922] cloud-init[1011]: The key's randomart image is:
[   30.444795] cloud-init[1011]: +--[ED25519 256]--+
[   30.475995] cloud-init[1011]: |          o..o.  |
[   30.509445] cloud-init[1011]: |       . o o. .. |
[   30.536370] cloud-init[1011]: |    . o * o o.o  |
[   30.567428] [cloud-init[0;32m  OK  [0m[1011]: ] |   . o B = =.... |Started Permit User Sessions.

[   30.567768] cloud-init[1011]: |  . o + E + +o.  |
[   30.636726] [cloud-init[0;32m  OK  [0m[1011]: ] |   = + . * *..   |Started LSB: automatic crash report generation.

[   30.637048] cloud-init[1011]: |  . B o + ..+    |
[   30.680373] cloud-init[1011]: |   o + o  o..    |
         Starting Terminate Plymouth Boot Screen...
[   30.720996] cloud-init[1011]: |    .o+ .. o     |
[   30.752664] cloud-init[1011]: +----[SHA256]-----+
         Starting Hold until boot process finishes up...
[   30.761713] cloud-init[1110]: Generating locales (this might take a while)...
[[0;32m  OK  [0m] Started Terminate Plymouth Boot Screen.
[[0;32m  OK  [0m] Started Hold until boot process finishes up.
[[0;32m  OK  [0m] Started Getty on tty1.
[[0;32m  OK  [0m] Started Serial Getty on ttyS0.
[[0;32m  OK  [0m] Reached target Login Prompts.
         Starting Set console scheme...
[[0;32m  OK  [0m] Started LSB: daemon to balance interrupts for SMP systems.
[[0;32m  OK  [0m] Started Set console scheme.
[[0;32m  OK  [0m] Started LSB: VirtualBox Linux Additions.
[   32.208069] cloud-init[1110]:   en_US.UTF-8... done
[   32.232718] cloud-init[1110]: Generation complete.
[[0;32m  OK  [0m] Started Pollinate to seed the pseudo random number generator.
         Starting OpenBSD Secure Shell server...
[[0;32m  OK  [0m] Stopped OpenBSD Secure Shell server.
         Starting OpenBSD Secure Shell server...
[[0;32m  OK  [0m] Started OpenBSD Secure Shell server.
[[0;32m  OK  [0m] Reached target Multi-User System.
[[0;32m  OK  [0m] Reached target Graphical Interface.
         Starting Notify bootloader that boot was successful...
         Starting Update UTMP about System Runlevel Changes...
[[0;32m  OK  [0m] Started Notify bootloader that boot was successful.
[[0;32m  OK  [0m] Started Update UTMP about System Runlevel Changes.
[[0;32m  OK  [0m] Created slice User Slice of ubuntu.
         Starting User Manager for UID 1000...
[[0;32m  OK  [0m] Started Session 1 of user ubuntu.
[[0;32m  OK  [0m] Started User Manager for UID 1000.
[   35.172024] cloud-init[1110]: Cloud-init v. 0.7.8 running 'modules:config' at Tue, 18 Oct 2016 14:20:27 +0000. Up 29.48 seconds.
[[0;32m  OK  [0m] Started Apply the settings specified in cloud-config.
         Starting Execute cloud user/final scripts...
ci-info: no authorized ssh keys fingerprints found for user ubuntu.
<14>Oct 18 14:20:33 ec2: 
<14>Oct 18 14:20:33 ec2: #############################################################
<14>Oct 18 14:20:33 ec2: -----BEGIN SSH HOST KEY FINGERPRINTS-----
<14>Oct 18 14:20:33 ec2: 1024 SHA256:vXiEX8V3kiubybKTlvt3N6YMPZtVL8PPsijwZbtPBkc root@ubuntu-xenial (DSA)
<14>Oct 18 14:20:33 ec2: 256 SHA256:xyzozvLdklZT4FZZR3IX6df474MpmqEAf7xLqdCR2GU root@ubuntu-xenial (ECDSA)
<14>Oct 18 14:20:33 ec2: 256 SHA256:G6EL+KHN6e9g5xVTonCncVwH3q7HUI7qd1IlhbW2SoI root@ubuntu-xenial (ED25519)
<14>Oct 18 14:20:33 ec2: 2048 SHA256:e3HVyFPzciKPq9Qt/mKizQF9jbuykyCMa74tb5vhGos root@ubuntu-xenial (RSA)
<14>Oct 18 14:20:33 ec2: -----END SSH HOST KEY FINGERPRINTS-----
<14>Oct 18 14:20:33 ec2: #############################################################
-----BEGIN SSH HOST KEY KEYS-----
ecdsa-sha2-nistp256 AAAAE2VjZHNhLXNoYTItbmlzdHAyNTYAAAAIbmlzdHAyNTYAAABBBFjdTekR/jbKDQYtVtXAFLIrWf0yyy7Zjy+c6Mtli+57qAJIMxE1CA0uoxnP+8l/tqrt3YKM1hNLZC1TSIiHvkE= root@ubuntu-xenial
ssh-ed25519 AAAAC3NzaC1lZDI1NTE5AAAAIGE2RYSn4JGloe4bkJkHfO+091EJjE8LMizzKp4ZTK/8 root@ubuntu-xenial
ssh-rsa AAAAB3NzaC1yc2EAAAADAQABAAABAQDQVrQp6YPEOECoKuIxMHb4dfW5cgf5/OGWQLqCxghzm7CiNt8aLiqzCrjsJ18Y6Lh9hMcTpvnVBt3gSau2CyVCSnBrCgwzGEYqv5qq233BlYPtkmizKcs5iYjvFpi1drjpqClxwUp9m9RwywSbdT62Oh3scBNdifKSltfWgQLmcmADHAX1u8BZTeYLMFi/DYXViZIpRo536L1nI8TwNhzcBEa1MU6J36g39/kjNvxmIOWwMSJXUf2m2fKbf5mniZG74bOR6shsbYYgqBTIiD/skNbnzQRn45VBh1oR1eYrN9KwnEz+s+4bdwpm9hUYW6hfpPUnzLrfnbLnSwKwKSW5 root@ubuntu-xenial
-----END SSH HOST KEY KEYS-----
[   36.024812] cloud-init[1392]: Cloud-init v. 0.7.8 running 'modules:final' at Tue, 18 Oct 2016 14:20:33 +0000. Up 35.52 seconds.
[   36.040033] cloud-init[1392]: ci-info: no auth[   36.045250] cloud-init[1392]: Cloud-init v. 0.7.8 finished at Tue, 18 Oct 2016 14:20:34 +0000. Datasource DataSourceNoCloud [seed=/dev/sdb][dsmode=net].  Up 36.00 seconds

Ubuntu 16.04.1 LTS ubuntu-xenial ttyS0

ubuntu-xenial login: 